<?xml version="1.0" encoding="UTF-8"?>
<!-- Generated by org.testng.reporters.JUnitReportReporter -->
<testsuite hostname="KING" failures="0" tests="1" name="testcases.FullFlowTest" time="14.565" errors="0" timestamp="2025-03-06T22:07:06 IST" skipped="0">
  <testcase classname="testcases.FullFlowTest" name="testSignUpLoginAndOnboardingFlow" time="14.565"/>
</testsuite> <!-- testcases.FullFlowTest -->
