<?xml version="1.0" encoding="UTF-8"?>
<!-- Generated by org.testng.reporters.JUnitReportReporter -->
<testsuite hostname="DESKTOP-G4CC50J" failures="0" tests="1" name="testcases.FullFlowTest" time="8.139" errors="0" timestamp="2025-03-06T17:21:17 IST" skipped="0">
  <testcase classname="testcases.FullFlowTest" name="testSignUpLoginAndOnboardingFlow" time="8.139"/>
  <system-out/>
</testsuite> <!-- testcases.FullFlowTest -->
